<?xml version="1.0" encoding="UTF-8"?>
<!-- Generated by org.testng.reporters.JUnitReportReporter -->
<testsuite skipped="0" hostname="DESKTOP-5IKRBS2" name="tests.DynamicPropertiesTest" tests="1" failures="0" timestamp="2021-04-06T23:59:32 CEST" time="6.901" errors="0">
  <testcase name="changeOfColor" time="6.901" classname="tests.DynamicPropertiesTest"/>
  <system-out/>
</testsuite> <!-- tests.DynamicPropertiesTest -->
